2024-10-25 01:50:09,793 - INFO - Running on http://0.0.0.0:5000 (CTRL + C to quit)
2024-10-25 01:50:15,516 - INFO - User albin logged in.
2024-10-25 01:50:27,599 - INFO - Server was pinged.
2024-10-25 01:50:27,631 - INFO - Received heartbeat from albinxps.
2024-10-25 01:50:37,237 - INFO - Can device view info? False
2024-10-25 01:50:37,692 - INFO - Received heartbeat from albinxps.
2024-10-25 01:50:45,294 - INFO - Can device view info? False
2024-10-25 01:50:47,720 - INFO - Received heartbeat from albinxps.
2024-10-25 01:50:47,722 - INFO - Server was pinged.
2024-10-25 01:50:57,759 - INFO - Received heartbeat from albinxps.
2024-10-25 01:51:07,737 - INFO - Server was pinged.
2024-10-25 01:51:07,789 - INFO - Received heartbeat from albinxps.
2024-10-25 01:51:17,820 - INFO - Received heartbeat from albinxps.
2024-10-25 01:51:19,868 - INFO - User AuthUser(auth_id=1, action=Action.PASS) opened a terminal for albinxps
2024-10-25 01:51:20,217 - INFO - Client added: admin
2024-10-25 01:51:27,761 - INFO - Server was pinged.
2024-10-25 01:51:27,860 - INFO - Received heartbeat from albinxps.
2024-10-25 01:51:27,875 - INFO - Client added: b740f85a-925e-11ef-a8a8-db381720938c
2024-10-25 01:51:29,786 - INFO - Admin sent command 'docker ps' to device b740f85a-925e-11ef-a8a8-db381720938c
2024-10-25 01:51:34,397 - INFO - User AuthUser(auth_id=1, action=Action.PASS) closed a terminal for albinxps
2024-10-25 01:51:34,398 - INFO - WebSocket connection cancelled for b740f85a-925e-11ef-a8a8-db381720938c.
2024-10-25 01:51:34,399 - INFO - WebSocket connection closed for b740f85a-925e-11ef-a8a8-db381720938c
2024-10-25 01:51:37,895 - INFO - Received heartbeat from albinxps.
2024-10-25 01:51:47,795 - INFO - Server was pinged.
2024-10-25 01:51:47,927 - INFO - Received heartbeat from albinxps.
2024-10-25 01:51:57,963 - INFO - Received heartbeat from albinxps.
2024-10-25 01:52:07,811 - INFO - Server was pinged.
2024-10-25 01:52:08,017 - INFO - Received heartbeat from albinxps.
2024-10-25 01:52:18,053 - INFO - Received heartbeat from albinxps.
2024-10-25 01:52:27,841 - INFO - Server was pinged.
2024-10-25 01:52:28,085 - INFO - Received heartbeat from albinxps.
2024-10-25 01:52:38,122 - INFO - Received heartbeat from albinxps.
2024-10-25 01:52:47,871 - INFO - Server was pinged.
2024-10-25 01:52:48,186 - INFO - Received heartbeat from albinxps.
2024-10-25 01:52:58,238 - INFO - Received heartbeat from albinxps.
2024-10-25 01:53:07,901 - INFO - Server was pinged.
2024-10-25 01:53:08,270 - INFO - Received heartbeat from albinxps.
2024-10-25 01:53:18,303 - INFO - Received heartbeat from albinxps.
2024-10-25 01:53:27,909 - INFO - Server was pinged.
2024-10-25 01:53:28,335 - INFO - Received heartbeat from albinxps.
2024-10-25 01:53:38,368 - INFO - Received heartbeat from albinxps.
2024-10-25 01:53:47,937 - INFO - Server was pinged.
2024-10-25 01:53:48,422 - INFO - Received heartbeat from albinxps.
2024-10-25 01:53:58,459 - INFO - Received heartbeat from albinxps.
2024-10-25 01:54:07,969 - INFO - Server was pinged.
2024-10-25 01:54:08,491 - INFO - Received heartbeat from albinxps.
2024-10-25 01:54:18,523 - INFO - Received heartbeat from albinxps.
2024-10-25 01:54:27,997 - INFO - Server was pinged.
2024-10-25 01:54:28,564 - INFO - Received heartbeat from albinxps.
2024-10-25 01:54:38,604 - INFO - Received heartbeat from albinxps.
2024-10-25 01:54:48,014 - INFO - Server was pinged.
2024-10-25 01:54:48,642 - INFO - Received heartbeat from albinxps.
2024-10-25 01:54:58,683 - INFO - Received heartbeat from albinxps.
2024-10-25 01:55:08,044 - INFO - Server was pinged.
2024-10-25 01:55:08,715 - INFO - Received heartbeat from albinxps.
2024-10-25 01:55:18,776 - INFO - Received heartbeat from albinxps.
2024-10-25 01:55:28,075 - INFO - Server was pinged.
2024-10-25 01:55:28,823 - INFO - Received heartbeat from albinxps.
2024-10-25 01:55:38,860 - INFO - Received heartbeat from albinxps.
2024-10-25 01:55:48,097 - INFO - Server was pinged.
2024-10-25 01:55:48,897 - INFO - Received heartbeat from albinxps.
2024-10-25 01:55:58,932 - INFO - Received heartbeat from albinxps.
2024-10-25 01:56:08,128 - INFO - Server was pinged.
2024-10-25 01:56:08,973 - INFO - Received heartbeat from albinxps.
2024-10-25 01:56:19,026 - INFO - Received heartbeat from albinxps.
2024-10-25 01:56:28,152 - INFO - Server was pinged.
2024-10-25 01:56:29,071 - INFO - Received heartbeat from albinxps.
2024-10-25 01:56:39,109 - INFO - Received heartbeat from albinxps.
2024-10-25 01:56:48,179 - INFO - Server was pinged.
2024-10-25 01:56:49,145 - INFO - Received heartbeat from albinxps.
2024-10-25 01:56:59,213 - INFO - Received heartbeat from albinxps.
2024-10-25 01:57:08,209 - INFO - Server was pinged.
2024-10-25 01:57:09,281 - INFO - Received heartbeat from albinxps.
2024-10-25 01:57:19,322 - INFO - Received heartbeat from albinxps.
2024-10-25 01:57:28,238 - INFO - Server was pinged.
2024-10-25 01:57:29,363 - INFO - Received heartbeat from albinxps.
2024-10-25 01:57:39,394 - INFO - Received heartbeat from albinxps.
2024-10-25 01:57:48,260 - INFO - Server was pinged.
2024-10-25 01:57:49,430 - INFO - Received heartbeat from albinxps.
2024-10-25 01:57:59,467 - INFO - Received heartbeat from albinxps.
2024-10-25 01:58:08,290 - INFO - Server was pinged.
2024-10-25 01:58:09,503 - INFO - Received heartbeat from albinxps.
2024-10-25 01:58:19,537 - INFO - Received heartbeat from albinxps.
2024-10-25 01:58:28,306 - INFO - Server was pinged.
2024-10-25 01:58:29,570 - INFO - Received heartbeat from albinxps.
2024-10-25 01:58:39,604 - INFO - Received heartbeat from albinxps.
2024-10-25 01:58:48,330 - INFO - Server was pinged.
2024-10-25 01:58:49,634 - INFO - Received heartbeat from albinxps.
2024-10-25 01:58:59,661 - INFO - Received heartbeat from albinxps.
2024-10-25 01:59:08,357 - INFO - Server was pinged.
2024-10-25 01:59:09,695 - INFO - Received heartbeat from albinxps.
2024-10-25 01:59:19,730 - INFO - Received heartbeat from albinxps.
2024-10-25 01:59:28,375 - INFO - Server was pinged.
2024-10-25 01:59:29,765 - INFO - Received heartbeat from albinxps.
2024-10-25 01:59:39,791 - INFO - Received heartbeat from albinxps.
2024-10-25 01:59:48,405 - INFO - Server was pinged.
2024-10-25 01:59:49,822 - INFO - Received heartbeat from albinxps.
2024-10-25 01:59:59,882 - INFO - Received heartbeat from albinxps.
2024-10-25 02:00:08,433 - INFO - Server was pinged.
2024-10-25 02:00:09,927 - INFO - Received heartbeat from albinxps.
2024-10-25 02:00:19,992 - INFO - Received heartbeat from albinxps.
2024-10-25 02:00:28,461 - INFO - Server was pinged.
2024-10-25 02:00:30,034 - INFO - Received heartbeat from albinxps.
2024-10-25 02:00:40,074 - INFO - Received heartbeat from albinxps.
2024-10-25 02:00:48,488 - INFO - Server was pinged.
2024-10-25 02:00:50,106 - INFO - Received heartbeat from albinxps.
2024-10-25 02:01:00,150 - INFO - Received heartbeat from albinxps.
2024-10-25 02:01:08,520 - INFO - Server was pinged.
2024-10-25 02:01:10,186 - INFO - Received heartbeat from albinxps.
2024-10-25 02:01:20,215 - INFO - Received heartbeat from albinxps.
2024-10-25 02:01:28,547 - INFO - Server was pinged.
2024-10-25 02:01:30,238 - INFO - Received heartbeat from albinxps.
2024-10-25 02:01:40,298 - INFO - Received heartbeat from albinxps.
2024-10-25 02:01:48,575 - INFO - Server was pinged.
2024-10-25 02:01:50,340 - INFO - Received heartbeat from albinxps.
2024-10-25 02:02:00,379 - INFO - Received heartbeat from albinxps.
2024-10-25 02:02:08,611 - INFO - Server was pinged.
2024-10-25 02:02:10,417 - INFO - Received heartbeat from albinxps.
2024-10-25 02:02:20,456 - INFO - Received heartbeat from albinxps.
2024-10-25 02:02:28,640 - INFO - Server was pinged.
2024-10-25 02:02:30,495 - INFO - Received heartbeat from albinxps.
2024-10-25 02:02:40,535 - INFO - Received heartbeat from albinxps.
2024-10-25 02:02:48,662 - INFO - Server was pinged.
2024-10-25 02:02:50,593 - INFO - Received heartbeat from albinxps.
2024-10-25 02:03:00,633 - INFO - Received heartbeat from albinxps.
2024-10-25 02:03:08,692 - INFO - Server was pinged.
2024-10-25 02:03:10,675 - INFO - Received heartbeat from albinxps.
2024-10-25 02:03:20,707 - INFO - Received heartbeat from albinxps.
2024-10-25 02:03:28,714 - INFO - Server was pinged.
2024-10-25 02:03:30,741 - INFO - Received heartbeat from albinxps.
2024-10-25 02:03:40,777 - INFO - Received heartbeat from albinxps.
2024-10-25 02:03:48,741 - INFO - Server was pinged.
2024-10-25 02:03:50,813 - INFO - Received heartbeat from albinxps.
2024-10-25 02:04:00,844 - INFO - Received heartbeat from albinxps.
2024-10-25 02:04:08,769 - INFO - Server was pinged.
2024-10-25 02:04:10,884 - INFO - Received heartbeat from albinxps.
2024-10-25 02:04:20,920 - INFO - Received heartbeat from albinxps.
2024-10-25 02:04:28,796 - INFO - Server was pinged.
2024-10-25 02:04:30,971 - INFO - Received heartbeat from albinxps.
2024-10-25 02:04:41,002 - INFO - Received heartbeat from albinxps.
2024-10-25 02:04:48,823 - INFO - Server was pinged.
2024-10-25 02:04:51,053 - INFO - Received heartbeat from albinxps.
2024-10-25 02:05:01,096 - INFO - Received heartbeat from albinxps.
2024-10-25 02:05:08,854 - INFO - Server was pinged.
2024-10-25 02:05:11,137 - INFO - Received heartbeat from albinxps.
2024-10-25 02:05:21,173 - INFO - Received heartbeat from albinxps.
2024-10-25 02:05:28,878 - INFO - Server was pinged.
2024-10-25 02:05:31,231 - INFO - Received heartbeat from albinxps.
2024-10-25 02:05:41,271 - INFO - Received heartbeat from albinxps.
2024-10-25 02:05:48,903 - INFO - Server was pinged.
2024-10-25 02:05:51,305 - INFO - Received heartbeat from albinxps.
2024-10-25 02:06:01,348 - INFO - Received heartbeat from albinxps.
2024-10-25 02:06:08,934 - INFO - Server was pinged.
2024-10-25 02:06:11,389 - INFO - Received heartbeat from albinxps.
2024-10-25 02:06:21,440 - INFO - Received heartbeat from albinxps.
2024-10-25 02:06:28,965 - INFO - Server was pinged.
2024-10-25 02:06:31,470 - INFO - Received heartbeat from albinxps.
2024-10-25 02:06:41,509 - INFO - Received heartbeat from albinxps.
2024-10-25 02:06:48,985 - INFO - Server was pinged.
2024-10-25 02:06:51,543 - INFO - Received heartbeat from albinxps.
2024-10-25 02:07:01,580 - INFO - Received heartbeat from albinxps.
2024-10-25 02:07:09,002 - INFO - Server was pinged.
2024-10-25 02:07:11,618 - INFO - Received heartbeat from albinxps.
2024-10-25 02:07:21,657 - INFO - Received heartbeat from albinxps.
2024-10-25 02:07:29,028 - INFO - Server was pinged.
2024-10-25 02:07:31,699 - INFO - Received heartbeat from albinxps.
2024-10-25 02:07:41,738 - INFO - Received heartbeat from albinxps.
2024-10-25 02:07:49,055 - INFO - Server was pinged.
2024-10-25 02:07:51,770 - INFO - Received heartbeat from albinxps.
2024-10-25 02:08:01,813 - INFO - Received heartbeat from albinxps.
2024-10-25 02:08:09,083 - INFO - Server was pinged.
2024-10-25 02:08:11,848 - INFO - Received heartbeat from albinxps.
2024-10-25 02:08:21,873 - INFO - Received heartbeat from albinxps.
2024-10-25 02:08:29,111 - INFO - Server was pinged.
2024-10-25 02:08:31,903 - INFO - Received heartbeat from albinxps.
